parse error in No.1 definition:
`hol_main/List_raw.thy:11:14: error: expected token RParen
`datatype (set: 'a) list =
`             ^
parse error in No.4 definition:
`hol_main/List_raw.thy:67:21: error: expected token in { Identifier, If, LBracket, LBrace, LParen, Integer }
`[simp]: "coset xs = - set xs"
`                    ^
parse error in No.8 definition:
`hol_main/List_raw.thy:91:41: error: expected token Quotation
`fold_Cons: "fold f (x # xs) = fold f xs \<circ> f x"
`                                        ^
parse error in No.9 definition:
`hol_main/List_raw.thy:95:37: error: expected token Quotation
`foldr_Cons: "foldr f (x # xs) = f x \<circ> foldr f xs"
`                                    ^
parse error in No.27 definition:
`hol_main/List_raw.thy:193:24: error: expected token RParen
`  (case dropWhile (Not \<circ> P) xs of
`                       ^
parse error in No.38 definition:
`hol_main/List_raw.thy:246:22: error: expected token in { Identifier, If, LBracket, LBrace, LParen, Integer }
`"rotate n = rotate1 ^^ n"
`                     ^
parse error in No.43 definition:
`hol_main/List_raw.thy:269:19: error: expected ::
`function shuffles where
`                  ^
parse error in No.46 definition:
`hol_main/List_raw.thy:357:28: error: expected token in { Identifier, If, LBracket, LBrace, LParen, Integer }
`"sorted_wrt P (x # ys) = ((\<forall>y \<in> set ys. P x y) \<and> sorted_wrt P ys)"
`                           ^
parse error in No.47 definition:
`hol_main/List_raw.thy:368:22: error: expected token in { Identifier, If, LBracket, LBrace, LParen, Integer }
`"sorted (x # ys) = ((\<forall>y \<in> set ys. x \<le> y) \<and> sorted ys)"
`                     ^
parse error in No.48 definition:
`hol_main/List_raw.thy:372:29: error: expected token in { Identifier, If, LBracket, LBrace, LParen, Integer }
`"strict_sorted (x # ys) = ((\<forall>y \<in> List.set ys. x < y) \<and> strict_sorted ys)"
`                            ^
parse error in No.51 definition:
`hol_main/List_raw.thy:396:19: error: expected token Then
`  (if f x \<in> f ` set xs then xs else insort_key f x xs)"
`                  ^
parse error in No.55 definition:
`hol_main/List_raw.thy:404:5: error: expected token in { Identifier, If, LBracket, LBrace, LParen, Integer }
`   (\<forall>f xs k. filter (\<lambda>y. f y = k) (sk f xs) = filter (\<lambda>y. f y = k) xs)"
`    ^
parse error in No.59 definition:
`hol_main/List_raw.thy:4892:20: error: expected ::
`function transpose where
`                   ^
parse error in No.60 definition:
`hol_main/List_raw.thy:5801:32: error: expected token Quotation
`  "sorted_list_of_set = folding.F insort []"
`                               ^
parse error in No.61 definition:
`hol_main/List_raw.thy:5981:20: error: expected token RBrace
`"set_Cons A XS = {z. \<exists>x xs. z = x # xs \<and> x \<in> A \<and> xs \<in> XS}"
`                   ^
parse error in No.63 definition:
`hol_main/List_raw.thy:6005:47: error: expected token RParen
`  (map_prod (%(x, xs). x#xs) (%(x, xs). x#xs) ` (r <*lex*> lexn r n)) Int
`                                              ^
parse error in No.64 definition:
`hol_main/List_raw.thy:6009:11: error: expected token in { Identifier, If, LBracket, LBrace, LParen, Integer }
`"lex r = (\<Union>n. lexn r n)" \<comment> \<open>Holds only between lists of the same length\<close>
`          ^
parse error in No.65 definition:
`hol_main/List_raw.thy:6012:35: error: expected token in { Identifier, If, LBracket, LBrace, LParen, Integer }
`"lenlex r = inv_image (less_than <*lex*> lex r) (\<lambda>xs. (length xs, xs))"
`                                  ^
parse error in No.66 definition:
`hol_main/List_raw.thy:6218:19: error: expected token RBrace
`"lexord r = {(x,y). \<exists> a v. y = x @ a # v \<or>
`                  ^
parse error in No.68 definition:
`hol_main/List_raw.thy:6552:23: error: expected token RBrace
`"listrel1 r = {(xs,ys).
`                      ^
parse error in No.74 definition:
`hol_main/List_raw.thy:6927:67: error: expected token in { Identifier, If, LBracket, LBrace, LParen, Integer }
`list_ex1_iff [code_abbrev]: "list_ex1 P xs \<longleftrightarrow> (\<exists>! x. x \<in> set xs \<and> P x)"
`                                                                  ^
parse error in No.75 definition:
`hol_main/List_raw.thy:6989:35: error: expected token in { Identifier, If, LBracket, LBrace, LParen, Integer }
`[code_abbrev]: "can_select P A = (\<exists>!x\<in>A. P x)"
`                                  ^
parse error in No.76 definition:
`hol_main/List_raw.thy:6999:54: error: expected token RBrace
`"listrel1p r xs ys = ((xs, ys) \<in> listrel1 {(x, y). r x y})"
`                                                     ^
parse error in No.77 definition:
`hol_main/List_raw.thy:7014:52: error: expected token RBrace
`  "lexordp r xs ys = ((xs, ys) \<in> lexord {(x, y). r x y})"
`                                                   ^
parse error in No.78 definition:
`hol_main/List_raw.thy:7068:34: error: expected token RParen
`definition "Bleast S P = (LEAST x. x \<in> S \<and> P x)"
`                                 ^
parse error in No.79 definition:
`hol_main/List_raw.thy:7070:40: error: expected token RParen
`definition "abort_Bleast S P = (LEAST x. x \<in> S \<and> P x)"
`                                       ^
parse error in No.82 definition:
`hol_main/List_raw.thy:7141:44: error: expected token RParen
`  [code_post]: "map_filter f xs = map (the \<circ> f) (filter (\<lambda>x. f x \<noteq> None) xs)"
`                                           ^
parse error in No.83 definition:
`hol_main/List_raw.thy:7170:50: error: expected token in { Identifier, If, LBracket, LBrace, LParen, Integer }
`  "all_interval_nat P i j \<longleftrightarrow> (\<forall>n \<in> {i..<j}. P n)"
`                                                 ^
parse error in No.84 definition:
`hol_main/List_raw.thy:7193:50: error: expected token in { Identifier, If, LBracket, LBrace, LParen, Integer }
`  "all_interval_int P i j \<longleftrightarrow> (\<forall>k \<in> {i..j}. P k)"
`                                                 ^
parse error in No.86 definition:
`hol_main/List_raw.thy:7420:24: error: expected token RBrace
`  "map_project f A = {b. \<exists> a \<in> A. f a = Some b}"
`                       ^
codegen error at No.19 definition of function map2:
`src/codegen.cpp:834: Assertion `!typeinfo.empty()' failed.

codegen error at No.20 definition of function product:
`src/codegen.cpp:581: Assertion `args.size() == 2' failed.

codegen error at No.21 definition of function product_lists:
`src/codegen.cpp:834: Assertion `!typeinfo.empty()' failed.

codegen error at No.24 definition of function union:
`src/codegen.cpp:270: Assertion `entity.args_size() == 0' failed.

codegen error at No.28 definition of function those:
`src/codegen.cpp:454: Assertion `args.size() == 2' failed.

codegen error at No.39 definition of function nths:
`src/codegen.cpp:834: Assertion `!typeinfo.empty()' failed.

codegen error at No.40 definition of function subseqs:
`src/codegen.cpp:454: Assertion `args.size() == 2' failed.

codegen error at No.41 definition of function n_lists:
`src/codegen.cpp:834: Assertion `!typeinfo.empty()' failed.

codegen error at No.50 definition of function sort_key:
`src/codegen.cpp:414: Assertion `func->args_size() == args.size()' failed.

Result:
`scanned about 82 definitions;
`generated 43 definitions (6 predefined):
``0 datatypes and 43 functions.
